2024-04-27 18:40:42,384 - INFO - Game Started
2024-04-27 18:40:44,739 - INFO - Item picked up
2024-04-27 18:41:33,142 - INFO - Game Started
2024-04-27 18:41:35,458 - ERROR - An exception occurred: be -> Room not found
Traceback (most recent call last):
  File "game.py", line 148, in main
    raise ExitNotFoundError(exit_dec) # if the input is not in the room exits then it raises an error
other.ExitNotFoundError: be -> Room not found
2024-04-27 18:41:37,545 - ERROR - An exception occurred: no -> Room not found
Traceback (most recent call last):
  File "game.py", line 148, in main
    raise ExitNotFoundError(exit_dec) # if the input is not in the room exits then it raises an error
other.ExitNotFoundError: no -> Room not found
2024-04-27 18:41:43,648 - INFO - Item picked up
2024-04-27 18:42:15,234 - INFO - Item picked up
2024-04-27 18:44:32,051 - INFO - Game Started
2024-04-27 18:44:33,962 - INFO - kitchen is the user decision
2024-04-27 18:44:35,850 - INFO - guest room is the user decision
2024-04-27 18:44:38,090 - INFO - kitchen is the user decision
2024-04-27 18:44:39,668 - INFO - game room is the user decision
2024-04-27 18:44:41,303 - INFO - Red Key picked up
2024-04-27 18:44:45,027 - INFO - bedroom is the user decision
2024-04-27 18:45:19,385 - INFO - trophy room is the user decision
2024-04-27 18:45:20,839 - INFO - Key picked up
2024-04-27 18:45:21,915 - INFO - exit is the user decision
2024-04-27 18:45:21,915 - INFO - Game ended
